This is e-pTeX, Version 3.14159265-p3.7.1-161114-2.6 (sjis) (TeX Live 2017/W32TeX) (preloaded format=platex 2018.4.23)  6 DEC 2018 15:23
entering extended mode
 restricted \write18 enabled.
 %&-line parsing enabled.
**./“à•”JS.tex
(./“à•”JS.tex
pLaTeX2e <2017/10/28>+4 (based on LaTeX2e <2017-04-15>)
Babel <3.18> and hyphenation patterns for 84 language(s) loaded.
(c:/texlive/2017/texmf-dist/tex/platex/base/jarticle.cls
Document Class: jarticle 2017/09/19 v1.7g Standard pLaTeX class
\c@@paper=\count82
(c:/texlive/2017/texmf-dist/tex/platex/base/jsize10.clo
File: jsize10.clo 2017/09/19 v1.7g Standard pLaTeX file (size option)
)
\c@part=\count83
\c@section=\count84
\c@subsection=\count85
\c@subsubsection=\count86
\c@paragraph=\count87
\c@subparagraph=\count88
\c@figure=\count89
\c@table=\count90
\abovecaptionskip=\skip41
\belowcaptionskip=\skip42
\symmincho=\mathgroup4
LaTeX Font Info:    Overwriting symbol font `mincho' in version `bold'
(Font)                  JY1/mc/m/n --> JY1/gt/m/n on input line 613.
\toclineskip=\dimen118
\@lnumwidth=\dimen119
\bibindent=\dimen120
\heisei=\count91
)
(c:/texlive/2017/texmf-dist/tex/latex/graphics/graphicx.sty
Package: graphicx 2017/06/01 v1.1a Enhanced LaTeX Graphics (DPC,SPQR)

(c:/texlive/2017/texmf-dist/tex/latex/graphics/keyval.sty
Package: keyval 2014/10/28 v1.15 key=value parser (DPC)
\KV@toks@=\toks15
)
(c:/texlive/2017/texmf-dist/tex/latex/graphics/graphics.sty
Package: graphics 2017/06/25 v1.2c Standard LaTeX Graphics (DPC,SPQR)

(c:/texlive/2017/texmf-dist/tex/latex/graphics/trig.sty
Package: trig 2016/01/03 v1.10 sin cos tan (DPC)
)
(c:/texlive/2017/texmf-dist/tex/latex/graphics-cfg/graphics.cfg
File: graphics.cfg 2016/06/04 v1.11 sample graphics configuration
)
Package graphics Info: Driver file: dvipdfmx.def on input line 99.

(c:/texlive/2017/texmf-dist/tex/latex/graphics-def/dvipdfmx.def
File: dvipdfmx.def 2017/06/24 v5.0g Graphics/color driver for dvipdfmx
))
\Gin@req@height=\dimen121
\Gin@req@width=\dimen122
)
(c:/texlive/2017/texmf-dist/tex/latex/here/here.sty)
(c:/texlive/2017/texmf-dist/tex/latex/float/float.sty
Package: float 2001/11/08 v1.3d Float enhancements (AL)
\c@float@type=\count92
\float@exts=\toks16
\float@box=\box42
\@float@everytoks=\toks17
\@floatcapt=\box43
)
(c:/texlive/2017/texmf-dist/tex/platex/base/ascmac.sty
Package: ascmac 2017/12/17 v2.0f ascmac wrapper (community edition) 

(c:/texlive/2017/texmf-dist/tex/platex/base/tascmac.sty
Package: tascmac 2017/12/17 v2.0f ascmac package (community edition) 
\@savetbaselineshift=\dimen123
\@saveybaselineshift=\dimen124
\scb@x=\box44
\scscb@x=\box45
\@bw=\dimen125
\@nbox=\box46
\@nbody=\box47
\@scw=\dimen126
\@itemh=\dimen127
\@iboxpos=\toks18
\@iboxstr=\box48
\@bwsp=\box49
\@@bwsp=\box50
\@bcal=\count93
\shaderule=\dimen128
))
(c:/texlive/2017/texmf-dist/tex/latex/url/url.sty
\Urlmuskip=\muskip10
Package: url 2013/09/16  ver 3.4  Verb mode for urls, etc.
) (./“à•”JS.aux

LaTeX Warning: Label `tab:o2' multiply defined.

)
\openout1 = `“à•”JS.aux'.

LaTeX Font Info:    Checking defaults for OML/cmm/m/it on input line 17.
LaTeX Font Info:    ... okay on input line 17.
LaTeX Font Info:    Checking defaults for T1/cmr/m/n on input line 17.
LaTeX Font Info:    ... okay on input line 17.
LaTeX Font Info:    Checking defaults for OT1/cmr/m/n on input line 17.
LaTeX Font Info:    ... okay on input line 17.
LaTeX Font Info:    Checking defaults for OMS/cmsy/m/n on input line 17.
LaTeX Font Info:    ... okay on input line 17.
LaTeX Font Info:    Checking defaults for OMX/cmex/m/n on input line 17.
LaTeX Font Info:    ... okay on input line 17.
LaTeX Font Info:    Checking defaults for U/cmr/m/n on input line 17.
LaTeX Font Info:    ... okay on input line 17.
LaTeX Font Info:    Checking defaults for JY1/mc/m/n on input line 17.
LaTeX Font Info:    ... okay on input line 17.
LaTeX Font Info:    Checking defaults for JT1/mc/m/n on input line 17.
LaTeX Font Info:    ... okay on input line 17.
LaTeX Font Info:    External font `cmex10' loaded for size
(Font)              <12> on input line 18.
LaTeX Font Info:    External font `cmex10' loaded for size
(Font)              <8> on input line 18.
LaTeX Font Info:    External font `cmex10' loaded for size
(Font)              <6> on input line 18.
 [1

]
LaTeX Font Info:    Font shape `JT1/mc/bx/n' in size <14.4> not available
(Font)              Font shape `JT1/gt/m/n' tried instead on input line 20.
LaTeX Font Info:    Font shape `JY1/mc/bx/n' in size <14.4> not available
(Font)              Font shape `JY1/gt/m/n' tried instead on input line 20.
 (./“à•”JS.toc
LaTeX Font Info:    Font shape `JT1/mc/bx/n' in size <10> not available
(Font)              Font shape `JT1/gt/m/n' tried instead on input line 1.
LaTeX Font Info:    Font shape `JY1/mc/bx/n' in size <10> not available
(Font)              Font shape `JY1/gt/m/n' tried instead on input line 1.
LaTeX Font Info:    External font `cmex10' loaded for size
(Font)              <7> on input line 2.
LaTeX Font Info:    External font `cmex10' loaded for size
(Font)              <5> on input line 2.
)
\tf@toc=\write3
\openout3 = `“à•”JS.toc'.

 [2]
LaTeX Font Info:    Font shape `JT1/mc/bx/n' in size <12> not available
(Font)              Font shape `JT1/gt/m/n' tried instead on input line 25.
LaTeX Font Info:    Font shape `JY1/mc/bx/n' in size <12> not available
(Font)              Font shape `JY1/gt/m/n' tried instead on input line 25.
LaTeX Font Info:    Try loading font information for OMS+cmr on input line 29.
 (c:/texlive/2017/texmf-dist/tex/latex/base/omscmr.fd
File: omscmr.fd 2014/09/29 v2.5h Standard LaTeX font definitions
)
LaTeX Font Info:    Font shape `OMS/cmr/m/n' in size <10> not available
(Font)              Font shape `OMS/cmsy/m/n' tried instead on input line 29.


LaTeX Warning: Reference `tab: o1' on page 3 undefined on input line 36.


LaTeX Warning: Reference `tab: o2' on page 3 undefined on input line 56.

[3]

LaTeX Warning: Reference `tab: o2' on page 4 undefined on input line 96.

[4]

LaTeX Warning: Reference `tab:oonishimoj' on page 5 undefined on input line 136
.

[5] [6] [7] [8] [9] [10] [11]
File: oonishi1.jpg Graphic file (type bmp)
<oonishi1.jpg>

Overfull \hbox (37.2457pt too wide) in paragraph at lines 482--483
 [] 
 []

[12]
File: oonishi2.jpg Graphic file (type bmp)
<oonishi2.jpg>

Overfull \hbox (37.2457pt too wide) in paragraph at lines 491--492
 [] 
 []

[13]
File: oonishi3.jpg Graphic file (type bmp)
<oonishi3.jpg>

Overfull \hbox (37.2457pt too wide) in paragraph at lines 500--501
 [] 
 []

[14]
File: oonishi4.jpg Graphic file (type bmp)
<oonishi4.jpg>

Overfull \hbox (37.2457pt too wide) in paragraph at lines 509--510
 [] 
 []

[15]

LaTeX Warning: Reference `tab:oonishi5' on page 16 undefined on input line 515.


File: oonishi21.jpg Graphic file (type bmp)
<oonishi21.jpg>

Overfull \hbox (37.2457pt too wide) in paragraph at lines 520--521
 [] 
 []

[16]
File: oonishi22.jpg Graphic file (type bmp)
<oonishi22.jpg>

Overfull \hbox (37.2457pt too wide) in paragraph at lines 529--530
 [] 
 []

[17]
File: oonishi23.jpg Graphic file (type bmp)
<oonishi23.jpg>

Overfull \hbox (37.2457pt too wide) in paragraph at lines 538--539
 [] 
 []

[18]
File: oonishi24.jpg Graphic file (type bmp)
<oonishi24.jpg>

Overfull \hbox (37.2457pt too wide) in paragraph at lines 547--548
 [] 
 []

[19]
File: oonishi25.jpg Graphic file (type bmp)
<oonishi25.jpg>

Overfull \hbox (37.2457pt too wide) in paragraph at lines 556--557
 [] 
 []

[20] [21] (./“à•”JS.aux)

LaTeX Warning: There were undefined references.


LaTeX Warning: There were multiply-defined labels.

 ) 
Here is how much of TeX's memory you used:
 962 strings out of 493640
 11957 string characters out of 6151719
 74817 words of memory out of 5000000
 4569 multiletter control sequences out of 15000+600000
 13799 words of font info for 54 fonts, out of 8000000 for 9000
 929 hyphenation exceptions out of 8191
 25i,9n,23p,202b,349s stack positions out of 5000i,500n,10000p,200000b,80000s

Output written on “à•”JS.dvi (21 pages, 34836 bytes).
